bumpyBelly2/app/build/intermediates/manifest_merge_blame_file/debug/manifest-merger-blame-debug-report.txt
1<?xml version="1.0" encoding="utf-8"?>
2<manifest xmlns:android="http://schemas.android.com/apk/res/android"
3    package="com.example.bumpy_belly2"
4    android:versionCode="1"
5    android:versionName="1.0" >
6
7    <uses-sdk
8        android:minSdkVersion="19"
8-->src/main/AndroidManifest.xml
9        android:targetSdkVersion="28" />
9-->src/main/AndroidManifest.xml
10
11    <uses-permission android:name="android.permission.INTERNET" />
11-->src/main/AndroidManifest.xml:5:5-66
11-->src/main/AndroidManifest.xml:5:22-64
12    <uses-permission android:name="android.permission.ACCESS_NETWORK_STATE" />
12-->[com.firebaseui:firebase-ui-auth:4.3.1] AndroidManifest.xml:12:5-79
12-->[com.firebaseui:firebase-ui-auth:4.3.1] AndroidManifest.xml:12:22-76
13    <uses-permission android:name="android.permission.WAKE_LOCK" />
13-->[com.google.firebase:firebase-measurement-connector-impl:17.0.3] AndroidManifest.xml:24:5-68
13-->[com.google.firebase:firebase-measurement-connector-impl:17.0.3] AndroidManifest.xml:24:22-65
14    <uses-permission android:name="com.google.android.finsky.permission.BIND_GET_INSTALL_REFERRER_SERVICE" /> <!-- Required by older versions of Google Play services to create IID tokens -->
14-->[com.google.firebase:firebase-analytics:16.0.5] AndroidManifest.xml:26:5-110
14-->[com.google.firebase:firebase-analytics:16.0.5] AndroidManifest.xml:26:22-107
15    <uses-permission android:name="com.google.android.c2dm.permission.RECEIVE" />
15-->[com.google.firebase:firebase-iid:17.0.3] AndroidManifest.xml:26:5-82
15-->[com.google.firebase:firebase-iid:17.0.3] AndroidManifest.xml:26:22-79
16
17    <application
17-->src/main/AndroidManifest.xml:7:5-21:19
18        android:name="androidx.multidex.MultiDexApplication"
19        android:allowBackup="true"
19-->src/main/AndroidManifest.xml:8:9-35
20        android:appComponentFactory="androidx.core.app.CoreComponentFactory"
20-->[androidx.core:core:1.3.0-alpha02] AndroidManifest.xml:24:18-86
21        android:debuggable="true"
22        android:icon="@mipmap/ic_launcher"
22-->src/main/AndroidManifest.xml:9:9-43
23        android:label="@string/app_name"
23-->src/main/AndroidManifest.xml:10:9-41
24        android:roundIcon="@mipmap/ic_launcher_round"
24-->src/main/AndroidManifest.xml:11:9-54
25        android:supportsRtl="true"
25-->src/main/AndroidManifest.xml:12:9-35
26        android:testOnly="true"
27        android:theme="@style/AppTheme" >
27-->src/main/AndroidManifest.xml:13:9-40
28        <activity android:name="com.example.bumpy_belly2.MainActivity" >
28-->src/main/AndroidManifest.xml:14:9-20:20
28-->src/main/AndroidManifest.xml:14:19-47
29            <intent-filter>
29-->src/main/AndroidManifest.xml:15:13-19:29
30                <action android:name="android.intent.action.MAIN" />
30-->src/main/AndroidManifest.xml:16:17-69
30-->src/main/AndroidManifest.xml:16:25-66
31
32                <category android:name="android.intent.category.LAUNCHER" />
32-->src/main/AndroidManifest.xml:18:17-77
32-->src/main/AndroidManifest.xml:18:27-74
33            </intent-filter>
34        </activity>
35
36        <service
36-->[com.google.firebase:firebase-firestore-ktx:21.4.1] AndroidManifest.xml:12:9-18:19
37            android:name="com.google.firebase.components.ComponentDiscoveryService"
37-->[com.google.firebase:firebase-firestore-ktx:21.4.1] AndroidManifest.xml:13:13-84
38            android:directBootAware="true"
38-->[com.google.firebase:firebase-common:19.3.0] AndroidManifest.xml:34:13-43
39            android:exported="false" >
39-->[com.google.firebase:firebase-firestore-ktx:21.4.1] AndroidManifest.xml:14:13-37
40            <meta-data
40-->[com.google.firebase:firebase-firestore-ktx:21.4.1] AndroidManifest.xml:15:13-17:85
41                android:name="com.google.firebase.components:com.google.firebase.firestore.ktx.FirebaseFirestoreKtxRegistrar"
41-->[com.google.firebase:firebase-firestore-ktx:21.4.1] AndroidManifest.xml:16:17-126
42                android:value="com.google.firebase.components.ComponentRegistrar" />
42-->[com.google.firebase:firebase-firestore-ktx:21.4.1] AndroidManifest.xml:17:17-82
43            <meta-data
43-->[com.google.firebase:firebase-common-ktx:19.3.0] AndroidManifest.xml:15:13-17:85
44                android:name="com.google.firebase.components:com.google.firebase.ktx.FirebaseCommonKtxRegistrar"
44-->[com.google.firebase:firebase-common-ktx:19.3.0] AndroidManifest.xml:16:17-113
45                android:value="com.google.firebase.components.ComponentRegistrar" />
45-->[com.google.firebase:firebase-common-ktx:19.3.0] AndroidManifest.xml:17:17-82
46            <meta-data
46-->[com.google.firebase:firebase-auth:16.1.0] AndroidManifest.xml:36:13-38:85
47                android:name="com.google.firebase.components:com.google.firebase.auth.FirebaseAuthRegistrar"
47-->[com.google.firebase:firebase-auth:16.1.0] AndroidManifest.xml:37:17-109
48                android:value="com.google.firebase.components.ComponentRegistrar" />
48-->[com.google.firebase:firebase-auth:16.1.0] AndroidManifest.xml:38:17-82
49            <meta-data
49-->[com.google.firebase:firebase-storage:19.1.1] AndroidManifest.xml:33:13-35:85
50                android:name="com.google.firebase.components:com.google.firebase.storage.StorageRegistrar"
50-->[com.google.firebase:firebase-storage:19.1.1] AndroidManifest.xml:34:17-107
51                android:value="com.google.firebase.components.ComponentRegistrar" />
51-->[com.google.firebase:firebase-storage:19.1.1] AndroidManifest.xml:35:17-82
52            <meta-data
52-->[com.google.firebase:firebase-firestore:21.4.1] AndroidManifest.xml:20:13-22:85
53                android:name="com.google.firebase.components:com.google.firebase.firestore.FirestoreRegistrar"
53-->[com.google.firebase:firebase-firestore:21.4.1] AndroidManifest.xml:21:17-111
54                android:value="com.google.firebase.components.ComponentRegistrar" />
54-->[com.google.firebase:firebase-firestore:21.4.1] AndroidManifest.xml:22:17-82
55            <meta-data
55-->[com.google.firebase:firebase-measurement-connector-impl:17.0.3] AndroidManifest.xml:28:13-30:85
56                android:name="com.google.firebase.components:com.google.firebase.analytics.connector.internal.AnalyticsConnectorRegistrar"
56-->[com.google.firebase:firebase-measurement-connector-impl:17.0.3] AndroidManifest.xml:29:17-139
57                android:value="com.google.firebase.components.ComponentRegistrar" />
57-->[com.google.firebase:firebase-measurement-connector-impl:17.0.3] AndroidManifest.xml:30:17-82
58            <meta-data
58-->[com.google.firebase:firebase-iid:17.0.3] AndroidManifest.xml:32:13-34:85
59                android:name="com.google.firebase.components:com.google.firebase.iid.Registrar"
59-->[com.google.firebase:firebase-iid:17.0.3] AndroidManifest.xml:33:17-96
60                android:value="com.google.firebase.components.ComponentRegistrar" />
60-->[com.google.firebase:firebase-iid:17.0.3] AndroidManifest.xml:34:17-82
61        </service>
62
63        <meta-data
63-->[com.firebaseui:firebase-ui-auth:4.3.1] AndroidManifest.xml:16:9-18:69
64            android:name="com.google.android.gms.version"
64-->[com.firebaseui:firebase-ui-auth:4.3.1] AndroidManifest.xml:17:13-58
65            android:value="@integer/google_play_services_version" />
65-->[com.firebaseui:firebase-ui-auth:4.3.1] AndroidManifest.xml:18:13-66
66        <meta-data
66-->[com.firebaseui:firebase-ui-auth:4.3.1] AndroidManifest.xml:19:9-21:63
67            android:name="com.facebook.sdk.ApplicationId"
67-->[com.firebaseui:firebase-ui-auth:4.3.1] AndroidManifest.xml:20:13-58
68            android:value="@string/facebook_application_id" />
68-->[com.firebaseui:firebase-ui-auth:4.3.1] AndroidManifest.xml:21:13-60
69
70        <activity
70-->[com.firebaseui:firebase-ui-auth:4.3.1] AndroidManifest.xml:23:9-27:61
71            android:name="com.firebase.ui.auth.KickoffActivity"
71-->[com.firebaseui:firebase-ui-auth:4.3.1] AndroidManifest.xml:24:13-64
72            android:exported="false"
72-->[com.firebaseui:firebase-ui-auth:4.3.1] AndroidManifest.xml:25:13-37
73            android:label=""
73-->[com.firebaseui:firebase-ui-auth:4.3.1] AndroidManifest.xml:26:13-29
74            android:theme="@style/FirebaseUI.Transparent" />
74-->[com.firebaseui:firebase-ui-auth:4.3.1] AndroidManifest.xml:27:13-58
75        <activity
75-->[com.firebaseui:firebase-ui-auth:4.3.1] AndroidManifest.xml:28:9-32:61
76            android:name="com.firebase.ui.auth.ui.idp.SingleSignInActivity"
76-->[com.firebaseui:firebase-ui-auth:4.3.1] AndroidManifest.xml:29:13-76
77            android:exported="false"
77-->[com.firebaseui:firebase-ui-auth:4.3.1] AndroidManifest.xml:30:13-37
78            android:label=""
78-->[com.firebaseui:firebase-ui-auth:4.3.1] AndroidManifest.xml:31:13-29
79            android:theme="@style/FirebaseUI.Transparent" />
79-->[com.firebaseui:firebase-ui-auth:4.3.1] AndroidManifest.xml:32:13-58
80        <activity
80-->[com.firebaseui:firebase-ui-auth:4.3.1] AndroidManifest.xml:33:9-37:61
81            android:name="com.firebase.ui.auth.ui.credentials.CredentialSaveActivity"
81-->[com.firebaseui:firebase-ui-auth:4.3.1] AndroidManifest.xml:34:13-86
82            android:exported="false"
82-->[com.firebaseui:firebase-ui-auth:4.3.1] AndroidManifest.xml:35:13-37
83            android:label=""
83-->[com.firebaseui:firebase-ui-auth:4.3.1] AndroidManifest.xml:36:13-29
84            android:theme="@style/FirebaseUI.Transparent" />
84-->[com.firebaseui:firebase-ui-auth:4.3.1] AndroidManifest.xml:37:13-58
85        <activity
85-->[com.firebaseui:firebase-ui-auth:4.3.1] AndroidManifest.xml:38:9-42:58
86            android:name="com.firebase.ui.auth.ui.email.RecoverPasswordActivity"
86-->[com.firebaseui:firebase-ui-auth:4.3.1] AndroidManifest.xml:39:13-81
87            android:exported="false"
87-->[com.firebaseui:firebase-ui-auth:4.3.1] AndroidManifest.xml:40:13-37
88            android:label="@string/fui_title_recover_password_activity"
88-->[com.firebaseui:firebase-ui-auth:4.3.1] AndroidManifest.xml:41:13-72
89            android:windowSoftInputMode="adjustResize" />
89-->[com.firebaseui:firebase-ui-auth:4.3.1] AndroidManifest.xml:42:13-55
90        <activity
90-->[com.firebaseui:firebase-ui-auth:4.3.1] AndroidManifest.xml:43:9-47:58
91            android:name="com.firebase.ui.auth.ui.email.EmailActivity"
91-->[com.firebaseui:firebase-ui-auth:4.3.1] AndroidManifest.xml:44:13-71
92            android:exported="false"
92-->[com.firebaseui:firebase-ui-auth:4.3.1] AndroidManifest.xml:45:13-37
93            android:label="@string/fui_sign_in_default"
93-->[com.firebaseui:firebase-ui-auth:4.3.1] AndroidManifest.xml:46:13-56
94            android:windowSoftInputMode="adjustResize" />
94-->[com.firebaseui:firebase-ui-auth:4.3.1] AndroidManifest.xml:47:13-55
95        <activity
95-->[com.firebaseui:firebase-ui-auth:4.3.1] AndroidManifest.xml:48:9-52:77
96            android:name="com.firebase.ui.auth.ui.phone.PhoneActivity"
96-->[com.firebaseui:firebase-ui-auth:4.3.1] AndroidManifest.xml:49:13-71
97            android:exported="false"
97-->[com.firebaseui:firebase-ui-auth:4.3.1] AndroidManifest.xml:50:13-37
98            android:label="@string/fui_sign_in_with_phone_number"
98-->[com.firebaseui:firebase-ui-auth:4.3.1] AndroidManifest.xml:51:13-66
99            android:windowSoftInputMode="adjustResize|stateAlwaysVisible" />
99-->[com.firebaseui:firebase-ui-auth:4.3.1] AndroidManifest.xml:52:13-74
100        <activity
100-->[com.firebaseui:firebase-ui-auth:4.3.1] AndroidManifest.xml:53:9-57:58
101            android:name="com.firebase.ui.auth.ui.idp.WelcomeBackIdpPrompt"
101-->[com.firebaseui:firebase-ui-auth:4.3.1] AndroidManifest.xml:54:13-76
102            android:exported="false"
102-->[com.firebaseui:firebase-ui-auth:4.3.1] AndroidManifest.xml:55:13-37
103            android:label="@string/fui_title_welcome_back_idp_prompt"
103-->[com.firebaseui:firebase-ui-auth:4.3.1] AndroidManifest.xml:56:13-70
104            android:windowSoftInputMode="adjustResize" />
104-->[com.firebaseui:firebase-ui-auth:4.3.1] AndroidManifest.xml:57:13-55
105        <activity
105-->[com.firebaseui:firebase-ui-auth:4.3.1] AndroidManifest.xml:58:9-62:58
106            android:name="com.firebase.ui.auth.ui.email.WelcomeBackPasswordPrompt"
106-->[com.firebaseui:firebase-ui-auth:4.3.1] AndroidManifest.xml:59:13-83
107            android:exported="false"
107-->[com.firebaseui:firebase-ui-auth:4.3.1] AndroidManifest.xml:60:13-37
108            android:label="@string/fui_title_welcome_back_password_prompt"
108-->[com.firebaseui:firebase-ui-auth:4.3.1] AndroidManifest.xml:61:13-75
109            android:windowSoftInputMode="adjustResize" />
109-->[com.firebaseui:firebase-ui-auth:4.3.1] AndroidManifest.xml:62:13-55
110        <activity
110-->[com.firebaseui:firebase-ui-auth:4.3.1] AndroidManifest.xml:63:9-67:58
111            android:name="com.firebase.ui.auth.ui.email.WelcomeBackEmailLinkPrompt"
111-->[com.firebaseui:firebase-ui-auth:4.3.1] AndroidManifest.xml:64:13-84
112            android:exported="false"
112-->[com.firebaseui:firebase-ui-auth:4.3.1] AndroidManifest.xml:65:13-37
113            android:label="@string/fui_title_welcome_back_password_prompt"
113-->[com.firebaseui:firebase-ui-auth:4.3.1] AndroidManifest.xml:66:13-75
114            android:windowSoftInputMode="adjustResize" />
114-->[com.firebaseui:firebase-ui-auth:4.3.1] AndroidManifest.xml:67:13-55
115        <activity
115-->[com.firebaseui:firebase-ui-auth:4.3.1] AndroidManifest.xml:68:9-73:58
116            android:name="com.firebase.ui.auth.ui.email.EmailLinkCatcherActivity"
116-->[com.firebaseui:firebase-ui-auth:4.3.1] AndroidManifest.xml:69:13-82
117            android:exported="false"
117-->[com.firebaseui:firebase-ui-auth:4.3.1] AndroidManifest.xml:70:13-37
118            android:label=""
118-->[com.firebaseui:firebase-ui-auth:4.3.1] AndroidManifest.xml:71:13-29
119            android:theme="@style/FirebaseUI.Transparent"
119-->[com.firebaseui:firebase-ui-auth:4.3.1] AndroidManifest.xml:72:13-58
120            android:windowSoftInputMode="adjustResize" />
120-->[com.firebaseui:firebase-ui-auth:4.3.1] AndroidManifest.xml:73:13-55
121        <activity
121-->[com.firebaseui:firebase-ui-auth:4.3.1] AndroidManifest.xml:74:9-78:58
122            android:name="com.firebase.ui.auth.ui.email.EmailLinkErrorRecoveryActivity"
122-->[com.firebaseui:firebase-ui-auth:4.3.1] AndroidManifest.xml:75:13-88
123            android:exported="false"
123-->[com.firebaseui:firebase-ui-auth:4.3.1] AndroidManifest.xml:76:13-37
124            android:label="@string/fui_sign_in_default"
124-->[com.firebaseui:firebase-ui-auth:4.3.1] AndroidManifest.xml:77:13-56
125            android:windowSoftInputMode="adjustResize" />
125-->[com.firebaseui:firebase-ui-auth:4.3.1] AndroidManifest.xml:78:13-55
126        <activity
126-->[com.firebaseui:firebase-ui-auth:4.3.1] AndroidManifest.xml:79:9-82:65
127            android:name="com.firebase.ui.auth.ui.idp.AuthMethodPickerActivity"
127-->[com.firebaseui:firebase-ui-auth:4.3.1] AndroidManifest.xml:80:13-80
128            android:exported="false"
128-->[com.firebaseui:firebase-ui-auth:4.3.1] AndroidManifest.xml:81:13-37
129            android:label="@string/fui_default_toolbar_title" />
129-->[com.firebaseui:firebase-ui-auth:4.3.1] AndroidManifest.xml:82:13-62
130        <activity
130-->[com.firebaseui:firebase-ui-auth:4.3.1] AndroidManifest.xml:83:9-87:48
131            android:name="com.facebook.FacebookActivity"
131-->[com.firebaseui:firebase-ui-auth:4.3.1] AndroidManifest.xml:84:13-57
132            android:configChanges="keyboard|keyboardHidden|screenLayout|screenSize|orientation"
132-->[com.firebaseui:firebase-ui-auth:4.3.1] AndroidManifest.xml:85:13-96
133            android:label="@string/app_name" />
133-->[com.firebaseui:firebase-ui-auth:4.3.1] AndroidManifest.xml:86:13-45
134        <activity
134-->[com.firebaseui:firebase-ui-auth:4.3.1] AndroidManifest.xml:88:9-100:20
135            android:name="com.facebook.CustomTabActivity"
135-->[com.firebaseui:firebase-ui-auth:4.3.1] AndroidManifest.xml:89:13-58
136            android:exported="true" >
136-->[com.firebaseui:firebase-ui-auth:4.3.1] AndroidManifest.xml:90:13-36
137            <intent-filter>
137-->[com.firebaseui:firebase-ui-auth:4.3.1] AndroidManifest.xml:92:13-99:29
138                <action android:name="android.intent.action.VIEW" />
138-->[com.firebaseui:firebase-ui-auth:4.3.1] AndroidManifest.xml:93:17-69
138-->[com.firebaseui:firebase-ui-auth:4.3.1] AndroidManifest.xml:93:25-66
139
140                <category android:name="android.intent.category.DEFAULT" />
140-->[com.firebaseui:firebase-ui-auth:4.3.1] AndroidManifest.xml:95:17-76
140-->[com.firebaseui:firebase-ui-auth:4.3.1] AndroidManifest.xml:95:27-73
141                <category android:name="android.intent.category.BROWSABLE" />
141-->[com.firebaseui:firebase-ui-auth:4.3.1] AndroidManifest.xml:96:17-78
141-->[com.firebaseui:firebase-ui-auth:4.3.1] AndroidManifest.xml:96:27-75
142
143                <data android:scheme="@string/facebook_login_protocol_scheme" />
143-->[com.firebaseui:firebase-ui-auth:4.3.1] AndroidManifest.xml:98:17-81
143-->[com.firebaseui:firebase-ui-auth:4.3.1] AndroidManifest.xml:98:23-78
144            </intent-filter>
145        </activity>
146
147        <provider
147-->[com.firebaseui:firebase-ui-auth:4.3.1] AndroidManifest.xml:102:9-106:38
148            android:name="com.firebase.ui.auth.data.client.AuthUiInitProvider"
148-->[com.firebaseui:firebase-ui-auth:4.3.1] AndroidManifest.xml:103:13-79
149            android:authorities="com.example.bumpy_belly2.authuiinitprovider"
149-->[com.firebaseui:firebase-ui-auth:4.3.1] AndroidManifest.xml:104:13-70
150            android:exported="false"
150-->[com.firebaseui:firebase-ui-auth:4.3.1] AndroidManifest.xml:105:13-37
151            android:initOrder="90" />
151-->[com.firebaseui:firebase-ui-auth:4.3.1] AndroidManifest.xml:106:13-35
152
153        <activity
153-->[com.google.firebase:firebase-auth:16.1.0] AndroidManifest.xml:24:9-31:50
154            android:name="com.google.firebase.auth.internal.FederatedSignInActivity"
154-->[com.google.firebase:firebase-auth:16.1.0] AndroidManifest.xml:25:13-85
155            android:excludeFromRecents="true"
155-->[com.google.firebase:firebase-auth:16.1.0] AndroidManifest.xml:26:13-46
156            android:exported="true"
156-->[com.google.firebase:firebase-auth:16.1.0] AndroidManifest.xml:27:13-36
157            android:launchMode="singleTask"
157-->[com.google.firebase:firebase-auth:16.1.0] AndroidManifest.xml:28:13-44
158            android:permission="com.google.firebase.auth.api.gms.permission.LAUNCH_FEDERATED_SIGN_IN"
158-->[com.google.firebase:firebase-auth:16.1.0] AndroidManifest.xml:29:13-102
159            android:theme="@android:style/Theme.Translucent.NoTitleBar" />
159-->[com.google.firebase:firebase-auth:16.1.0] AndroidManifest.xml:30:13-72
160
161        <receiver
161-->[com.google.firebase:firebase-analytics:16.0.5] AndroidManifest.xml:29:9-33:20
162            android:name="com.google.android.gms.measurement.AppMeasurementReceiver"
162-->[com.google.firebase:firebase-analytics:16.0.5] AndroidManifest.xml:30:13-85
163            android:enabled="true"
163-->[com.google.firebase:firebase-analytics:16.0.5] AndroidManifest.xml:31:13-35
164            android:exported="false" >
164-->[com.google.firebase:firebase-analytics:16.0.5] AndroidManifest.xml:32:13-37
165        </receiver>
166        <receiver
166-->[com.google.firebase:firebase-analytics:16.0.5] AndroidManifest.xml:34:9-42:20
167            android:name="com.google.android.gms.measurement.AppMeasurementInstallReferrerReceiver"
167-->[com.google.firebase:firebase-analytics:16.0.5] AndroidManifest.xml:35:13-100
168            android:enabled="true"
168-->[com.google.firebase:firebase-analytics:16.0.5] AndroidManifest.xml:36:13-35
169            android:exported="true"
169-->[com.google.firebase:firebase-analytics:16.0.5] AndroidManifest.xml:37:13-36
170            android:permission="android.permission.INSTALL_PACKAGES" >
170-->[com.google.firebase:firebase-analytics:16.0.5] AndroidManifest.xml:38:13-69
171            <intent-filter>
171-->[com.google.firebase:firebase-analytics:16.0.5] AndroidManifest.xml:39:13-41:29
172                <action android:name="com.android.vending.INSTALL_REFERRER" />
172-->[com.google.firebase:firebase-analytics:16.0.5] AndroidManifest.xml:40:17-79
172-->[com.google.firebase:firebase-analytics:16.0.5] AndroidManifest.xml:40:25-76
173            </intent-filter>
174        </receiver>
175
176        <service
176-->[com.google.firebase:firebase-analytics:16.0.5] AndroidManifest.xml:44:9-47:40
177            android:name="com.google.android.gms.measurement.AppMeasurementService"
177-->[com.google.firebase:firebase-analytics:16.0.5] AndroidManifest.xml:45:13-84
178            android:enabled="true"
178-->[com.google.firebase:firebase-analytics:16.0.5] AndroidManifest.xml:46:13-35
179            android:exported="false" />
179-->[com.google.firebase:firebase-analytics:16.0.5] AndroidManifest.xml:47:13-37
180        <service
180-->[com.google.firebase:firebase-analytics:16.0.5] AndroidManifest.xml:48:9-52:72
181            android:name="com.google.android.gms.measurement.AppMeasurementJobService"
181-->[com.google.firebase:firebase-analytics:16.0.5] AndroidManifest.xml:49:13-87
182            android:enabled="true"
182-->[com.google.firebase:firebase-analytics:16.0.5] AndroidManifest.xml:50:13-35
183            android:exported="false"
183-->[com.google.firebase:firebase-analytics:16.0.5] AndroidManifest.xml:51:13-37
184            android:permission="android.permission.BIND_JOB_SERVICE" />
184-->[com.google.firebase:firebase-analytics:16.0.5] AndroidManifest.xml:52:13-69
185
186        <receiver
186-->[com.google.firebase:firebase-iid:17.0.3] AndroidManifest.xml:37:9-44:20
187            android:name="com.google.firebase.iid.FirebaseInstanceIdReceiver"
187-->[com.google.firebase:firebase-iid:17.0.3] AndroidManifest.xml:38:13-78
188            android:exported="true"
188-->[com.google.firebase:firebase-iid:17.0.3] AndroidManifest.xml:39:13-36
189            android:permission="com.google.android.c2dm.permission.SEND" >
189-->[com.google.firebase:firebase-iid:17.0.3] AndroidManifest.xml:40:13-73
190            <intent-filter>
190-->[com.google.firebase:firebase-iid:17.0.3] AndroidManifest.xml:41:13-43:29
191                <action android:name="com.google.android.c2dm.intent.RECEIVE" />
191-->[com.google.firebase:firebase-iid:17.0.3] AndroidManifest.xml:42:17-81
191-->[com.google.firebase:firebase-iid:17.0.3] AndroidManifest.xml:42:25-78
192            </intent-filter>
193        </receiver>
194        <!--
195             FirebaseInstanceIdService performs security checks at runtime,
196             no need for explicit permissions despite exported="true"
197        -->
198        <service
198-->[com.google.firebase:firebase-iid:17.0.3] AndroidManifest.xml:50:9-56:19
199            android:name="com.google.firebase.iid.FirebaseInstanceIdService"
199-->[com.google.firebase:firebase-iid:17.0.3] AndroidManifest.xml:51:13-77
200            android:exported="true" >
200-->[com.google.firebase:firebase-iid:17.0.3] AndroidManifest.xml:52:13-36
201            <intent-filter android:priority="-500" >
201-->[com.google.firebase:firebase-iid:17.0.3] AndroidManifest.xml:53:13-55:29
201-->[com.google.firebase:firebase-iid:17.0.3] AndroidManifest.xml:53:28-51
202                <action android:name="com.google.firebase.INSTANCE_ID_EVENT" />
202-->[com.google.firebase:firebase-iid:17.0.3] AndroidManifest.xml:54:17-80
202-->[com.google.firebase:firebase-iid:17.0.3] AndroidManifest.xml:54:25-77
203            </intent-filter>
204        </service>
205
206        <provider
206-->[com.google.firebase:firebase-common:19.3.0] AndroidManifest.xml:26:9-30:39
207            android:name="com.google.firebase.provider.FirebaseInitProvider"
207-->[com.google.firebase:firebase-common:19.3.0] AndroidManifest.xml:27:13-77
208            android:authorities="com.example.bumpy_belly2.firebaseinitprovider"
208-->[com.google.firebase:firebase-common:19.3.0] AndroidManifest.xml:28:13-72
209            android:exported="false"
209-->[com.google.firebase:firebase-common:19.3.0] AndroidManifest.xml:29:13-37
210            android:initOrder="100" />
210-->[com.google.firebase:firebase-common:19.3.0] AndroidManifest.xml:30:13-36
211
212        <activity
212-->[com.google.android.gms:play-services-auth:16.0.1] AndroidManifest.xml:23:9-27:75
213            android:name="com.google.android.gms.auth.api.signin.internal.SignInHubActivity"
213-->[com.google.android.gms:play-services-auth:16.0.1] AndroidManifest.xml:24:13-93
214            android:excludeFromRecents="true"
214-->[com.google.android.gms:play-services-auth:16.0.1] AndroidManifest.xml:25:13-46
215            android:exported="false"
215-->[com.google.android.gms:play-services-auth:16.0.1] AndroidManifest.xml:26:13-37
216            android:theme="@android:style/Theme.Translucent.NoTitleBar" />
216-->[com.google.android.gms:play-services-auth:16.0.1] AndroidManifest.xml:27:13-72
217        <!--
218            Service handling Google Sign-In user revocation. For apps that do not integrate with
219            Google Sign-In, this service will never be started.
220        -->
221        <service
221-->[com.google.android.gms:play-services-auth:16.0.1] AndroidManifest.xml:33:9-36:110
222            android:name="com.google.android.gms.auth.api.signin.RevocationBoundService"
222-->[com.google.android.gms:play-services-auth:16.0.1] AndroidManifest.xml:34:13-89
223            android:exported="true"
223-->[com.google.android.gms:play-services-auth:16.0.1] AndroidManifest.xml:35:13-36
224            android:permission="com.google.android.gms.auth.api.signin.permission.REVOCATION_NOTIFICATION" />
224-->[com.google.android.gms:play-services-auth:16.0.1] AndroidManifest.xml:36:13-107
225
226        <activity
226-->[com.google.android.gms:play-services-base:17.0.0] AndroidManifest.xml:23:9-26:75
227            android:name="com.google.android.gms.common.api.GoogleApiActivity"
227-->[com.google.android.gms:play-services-base:17.0.0] AndroidManifest.xml:24:13-79
228            android:exported="false"
228-->[com.google.android.gms:play-services-base:17.0.0] AndroidManifest.xml:25:13-37
229            android:theme="@android:style/Theme.Translucent.NoTitleBar" />
229-->[com.google.android.gms:play-services-base:17.0.0] AndroidManifest.xml:26:13-72
230
231        <provider
231-->[androidx.lifecycle:lifecycle-process:2.0.0] AndroidManifest.xml:23:9-27:43
232            android:name="androidx.lifecycle.ProcessLifecycleOwnerInitializer"
232-->[androidx.lifecycle:lifecycle-process:2.0.0] AndroidManifest.xml:24:13-79
233            android:authorities="com.example.bumpy_belly2.lifecycle-process"
233-->[androidx.lifecycle:lifecycle-process:2.0.0] AndroidManifest.xml:25:13-69
234            android:exported="false"
234-->[androidx.lifecycle:lifecycle-process:2.0.0] AndroidManifest.xml:26:13-37
235            android:multiprocess="true" />
235-->[androidx.lifecycle:lifecycle-process:2.0.0] AndroidManifest.xml:27:13-40
236    </application>
237
238</manifest>